#
# There is insufficient memory for the Java Runtime Environment to continue.
# Native memory allocation (mmap) failed to map 6291456 bytes for G1 virtual space
# Possible reasons:
#   The system is out of physical RAM or swap space
#   The process is running with CompressedOops enabled, and the Java Heap may be blocking the growth of the native heap
# Possible solutions:
#   Reduce memory load on the system
#   Increase physical memory or swap space
#   Check if swap backing store is full
#   Decrease Java heap size (-Xmx/-Xms)
#   Decrease number of Java threads
#   Decrease Java thread stack sizes (-Xss)
#   Set larger code cache with -XX:ReservedCodeCacheSize=
#   JVM is running with Unscaled Compressed Oops mode in which the Java heap is
#     placed in the first 4GB address space. The Java Heap base address is the
#     maximum limit for the native heap growth. Please use -XX:HeapBaseMinAddress
#     to set the Java Heap base and to place the Java Heap above 4GB virtual address.
# This output file may be truncated or incomplete.
#
#  Out of Memory Error (os_windows.cpp:3532), pid=10848, tid=7052
#
# JRE version: OpenJDK Runtime Environment Temurin-17.0.2+8 (17.0.2+8) (build 17.0.2+8)
# Java VM: OpenJDK 64-Bit Server VM Temurin-17.0.2+8 (17.0.2+8, mixed mode, emulated-client, tiered, compressed oops, compressed class ptrs, g1 gc, windows-amd64)
# No core dump will be written. Minidumps are not enabled by default on client versions of Windows
#

---------------  S U M M A R Y ------------

Command Line: -Dcom.sun.management.jmxremote -Dcom.sun.management.jmxremote.port=61327 -Dcom.sun.management.jmxremote.authenticate=false -Dcom.sun.management.jmxremote.ssl=false -Djava.rmi.server.hostname=localhost -Dspring.jmx.enabled=true -Dspring.application.admin.enabled=true -XX:TieredStopAtLevel=1 -Dspring.boot.project.name=OnlineShoppingApp -Dfile.encoding=UTF-8 -XX:+ShowCodeDetailsInExceptionMessages com.masai.OnlineShoppingAppApplication --spring.output.ansi.enabled=always

Host: Intel(R) Core(TM) i5-2520M CPU @ 2.50GHz, 4 cores, 3G,  Windows 10 , 64 bit Build 19041 (10.0.19041.1806)
Time: Sun Aug 14 18:45:09 2022 India Standard Time elapsed time: 4.252532 seconds (0d 0h 0m 4s)

---------------  T H R E A D  ---------------

Current thread (0x0000024871a2ba00):  VMThread "VM Thread" [stack: 0x000000575c400000,0x000000575c500000] [id=7052]

Stack: [0x000000575c400000,0x000000575c500000]
Native frames: (J=compiled Java code, j=interpreted, Vv=VM code, C=native code)
V  [jvm.dll+0x67564a]
V  [jvm.dll+0x82fc04]
V  [jvm.dll+0x8313ae]
V  [jvm.dll+0x831a13]
V  [jvm.dll+0x245235]
V  [jvm.dll+0x672539]
V  [jvm.dll+0x666e82]
V  [jvm.dll+0x30401b]
V  [jvm.dll+0x30b566]
V  [jvm.dll+0x35b1fe]
V  [jvm.dll+0x35b42f]
V  [jvm.dll+0x2daf58]
V  [jvm.dll+0x2d920c]
V  [jvm.dll+0x2d87dc]
V  [jvm.dll+0x31c61b]
V  [jvm.dll+0x835ebb]
V  [jvm.dll+0x836bf4]
V  [jvm.dll+0x83710c]
V  [jvm.dll+0x8374e4]
V  [jvm.dll+0x8375b0]
V  [jvm.dll+0x7dff2a]
V  [jvm.dll+0x6744d5]
C  [ucrtbase.dll+0x21bb2]
C  [KERNEL32.DLL+0x17034]
C  [ntdll.dll+0x52651]

VM_Operation (0x000000575e0fa280): G1CollectForAllocation, mode: safepoint, requested by thread 0x000002487df66540


---------------  P R O C E S S  ---------------

Threads class SMR info:
_java_thread_list=0x000002487eff30b0, length=22, elements={
0x0000024871976f10, 0x000002487c806d90, 0x000002487c80b550, 0x000002487c85f4c0,
0x000002487c861d90, 0x000002487c862650, 0x000002487c862f10, 0x000002487c8637d0,
0x000002487c895790, 0x000002487d489010, 0x0000024871a12fa0, 0x000002487d518040,
0x000002487d56a920, 0x000002487db006c0, 0x000002487db07e90, 0x000002487db05a40,
0x000002487dbad460, 0x000002487df18580, 0x000002487df15ca0, 0x000002487df338e0,
0x000002487df673b0, 0x000002487df66540
}

Java Threads: ( => current thread )
  0x0000024871976f10 JavaThread "main" [_thread_blocked, id=3488, stack(0x000000575be00000,0x000000575bf00000)]
  0x000002487c806d90 JavaThread "Reference Handler" daemon [_thread_blocked, id=14928, stack(0x000000575c500000,0x000000575c600000)]
  0x000002487c80b550 JavaThread "Finalizer" daemon [_thread_blocked, id=9104, stack(0x000000575c600000,0x000000575c700000)]
  0x000002487c85f4c0 JavaThread "Signal Dispatcher" daemon [_thread_blocked, id=14256, stack(0x000000575c700000,0x000000575c800000)]
  0x000002487c861d90 JavaThread "Attach Listener" daemon [_thread_blocked, id=3180, stack(0x000000575c800000,0x000000575c900000)]
  0x000002487c862650 JavaThread "Service Thread" daemon [_thread_blocked, id=14428, stack(0x000000575c900000,0x000000575ca00000)]
  0x000002487c862f10 JavaThread "Monitor Deflation Thread" daemon [_thread_blocked, id=9516, stack(0x000000575ca00000,0x000000575cb00000)]
  0x000002487c8637d0 JavaThread "C1 CompilerThread0" daemon [_thread_blocked, id=7592, stack(0x000000575cb00000,0x000000575cc00000)]
  0x000002487c895790 JavaThread "Sweeper thread" daemon [_thread_blocked, id=14988, stack(0x000000575cc00000,0x000000575cd00000)]
  0x000002487d489010 JavaThread "Common-Cleaner" daemon [_thread_blocked, id=14608, stack(0x000000575cd00000,0x000000575ce00000)]
  0x0000024871a12fa0 JavaThread "C1 CompilerThread1" daemon [_thread_blocked, id=6208, stack(0x000000575ce00000,0x000000575cf00000)]
  0x000002487d518040 JavaThread "C1 CompilerThread2" daemon [_thread_blocked, id=10484, stack(0x000000575cf00000,0x000000575d000000)]
  0x000002487d56a920 JavaThread "Notification Thread" daemon [_thread_blocked, id=15508, stack(0x000000575d000000,0x000000575d100000)]
  0x000002487db006c0 JavaThread "RMI TCP Accept-0" daemon [_thread_in_native, id=508, stack(0x000000575d200000,0x000000575d300000)]
  0x000002487db07e90 JavaThread "RMI TCP Accept-61327" daemon [_thread_in_native, id=14280, stack(0x000000575d300000,0x000000575d400000)]
  0x000002487db05a40 JavaThread "RMI TCP Accept-0" daemon [_thread_in_native, id=14624, stack(0x000000575d400000,0x000000575d500000)]
  0x000002487dbad460 JavaThread "RMI TCP Connection(1)-127.0.0.1" daemon [_thread_in_native, id=4972, stack(0x000000575db00000,0x000000575dc00000)]
  0x000002487df18580 JavaThread "RMI Scheduler(0)" daemon [_thread_blocked, id=8788, stack(0x000000575dc00000,0x000000575dd00000)]
  0x000002487df15ca0 JavaThread "RMI TCP Connection(2)-127.0.0.1" daemon [_thread_in_native, id=6236, stack(0x000000575dd00000,0x000000575de00000)]
  0x000002487df338e0 JavaThread "JMX server connection timeout 21" daemon [_thread_blocked, id=13224, stack(0x000000575de00000,0x000000575df00000)]
  0x000002487df673b0 JavaThread "Thread-0" [_thread_blocked, id=10868, stack(0x000000575df00000,0x000000575e000000)]
  0x000002487df66540 JavaThread "restartedMain" [_thread_blocked, id=16344, stack(0x000000575e000000,0x000000575e100000)]

Other Threads:
=>0x0000024871a2ba00 VMThread "VM Thread" [stack: 0x000000575c400000,0x000000575c500000] [id=7052]
  0x000002487db00b90 WatcherThread [stack: 0x000000575d500000,0x000000575d600000] [id=9980]
  0x00000248719a6ac0 GCTaskThread "GC Thread#0" [stack: 0x000000575bf00000,0x000000575c000000] [id=15996]
  0x000002487db0d990 GCTaskThread "GC Thread#1" [stack: 0x000000575d600000,0x000000575d700000] [id=13080]
  0x000002487db9e800 GCTaskThread "GC Thread#2" [stack: 0x000000575d700000,0x000000575d800000] [id=456]
  0x000002487db9eab0 GCTaskThread "GC Thread#3" [stack: 0x000000575d800000,0x000000575d900000] [id=10452]
  0x00000248719af650 ConcurrentGCThread "G1 Main Marker" [stack: 0x000000575c000000,0x000000575c100000] [id=13292]
  0x00000248719aff70 ConcurrentGCThread "G1 Conc#0" [stack: 0x000000575c100000,0x000000575c200000] [id=3176]
  0x00000248719fdc20 ConcurrentGCThread "G1 Refine#0" [stack: 0x000000575c200000,0x000000575c300000] [id=7216]
  0x000002487db9e030 ConcurrentGCThread "G1 Refine#1" [stack: 0x000000575d900000,0x000000575da00000] [id=5528]
  0x000002487db06730 ConcurrentGCThread "G1 Refine#2" [stack: 0x000000575da00000,0x000000575db00000] [id=4704]
  0x00000248719fecf0 ConcurrentGCThread "G1 Service" [stack: 0x000000575c300000,0x000000575c400000] [id=7784]

Threads with active compile tasks:

VM state: at safepoint (normal execution)

VM Mutex/Monitor currently owned by a thread:  ([mutex/lock_event])
[0x0000024871972600] Threads_lock - owner thread: 0x0000024871a2ba00
[0x0000024871972060] Heap_lock - owner thread: 0x000002487df66540

Heap address: 0x00000000c1600000, size: 1002 MB, Compressed Oops mode: 32-bit

CDS archive(s) not mapped
Compressed class space mapped at: 0x0000000100000000-0x0000000140000000, reserved size: 1073741824
Narrow klass base: 0x0000000000000000, Narrow klass shift: 3, Narrow klass range: 0x140000000

GC Precious Log:
 CPUs: 4 total, 4 available
 Memory: 4006M
 Large Page Support: Disabled
 NUMA Support: Disabled
 Compressed Oops: Enabled (32-bit)
 Heap Region Size: 1M
 Heap Min Capacity: 8M
 Heap Initial Capacity: 64M
 Heap Max Capacity: 1002M
 Pre-touch: Disabled
 Parallel Workers: 4
 Concurrent Workers: 1
 Concurrent Refinement Workers: 4
 Periodic GC: Disabled

Heap:
 garbage-first heap   total 59392K, used 12834K [0x00000000c1600000, 0x0000000100000000)
  region size 1024K, 2 young (2048K), 2 survivors (2048K)
 Metaspace       used 31011K, committed 31296K, reserved 1081344K
  class space    used 3841K, committed 3968K, reserved 1048576K

Heap Regions: E=young(eden), S=young(survivor), O=old, HS=humongous(starts), HC=humongous(continues), CS=collection set, F=free, OA=open archive, CA=closed archive, TAMS=top-at-mark-start (previous, next)
|   0|0x00000000c1600000, 0x00000000c1700000, 0x00000000c1700000|100%|HS|  |TAMS 0x00000000c1700000, 0x00000000c1600000| Complete 
|   1|0x00000000c1700000, 0x00000000c1800000, 0x00000000c1800000|100%| O|  |TAMS 0x00000000c1800000, 0x00000000c1700000| Untracked 
|   2|0x00000000c1800000, 0x00000000c1900000, 0x00000000c1900000|100%| O|  |TAMS 0x00000000c1900000, 0x00000000c1800000| Untracked 
|   3|0x00000000c1900000, 0x00000000c1a00000, 0x00000000c1a00000|100%| O|  |TAMS 0x00000000c1a00000, 0x00000000c1900000| Untracked 
|   4|0x00000000c1a00000, 0x00000000c1b00000, 0x00000000c1b00000|100%| O|  |TAMS 0x00000000c1b00000, 0x00000000c1a00000| Untracked 
|   5|0x00000000c1b00000, 0x00000000c1c00000, 0x00000000c1c00000|100%| O|  |TAMS 0x00000000c1c00000, 0x00000000c1b00000| Untracked 
|   6|0x00000000c1c00000, 0x00000000c1cda400, 0x00000000c1d00000| 85%| O|  |TAMS 0x00000000c1c00000, 0x00000000c1c00000| Untracked 
|   7|0x00000000c1d00000, 0x00000000c1e00000, 0x00000000c1e00000|100%| O|  |TAMS 0x00000000c1d00000, 0x00000000c1d00000| Untracked 
|   8|0x00000000c1e00000, 0x00000000c1f00000, 0x00000000c1f00000|100%| O|  |TAMS 0x00000000c1e00000, 0x00000000c1e00000| Untracked 
|   9|0x00000000c1f00000, 0x00000000c2000000, 0x00000000c2000000|100%| O|  |TAMS 0x00000000c1f00000, 0x00000000c1f00000| Untracked 
|  10|0x00000000c2000000, 0x00000000c2100000, 0x00000000c2100000|100%| O|  |TAMS 0x00000000c2000000, 0x00000000c2000000| Untracked 
|  11|0x00000000c2100000, 0x00000000c2100000, 0x00000000c2200000|  0%| F|  |TAMS 0x00000000c2100000, 0x00000000c2100000| Untracked 
|  12|0x00000000c2200000, 0x00000000c2200000, 0x00000000c2300000|  0%| F|  |TAMS 0x00000000c2200000, 0x00000000c2200000| Untracked 
|  13|0x00000000c2300000, 0x00000000c2300000, 0x00000000c2400000|  0%| F|  |TAMS 0x00000000c2300000, 0x00000000c2300000| Untracked 
|  14|0x00000000c2400000, 0x00000000c2400000, 0x00000000c2500000|  0%| F|  |TAMS 0x00000000c2400000, 0x00000000c2400000| Untracked 
|  15|0x00000000c2500000, 0x00000000c2500000, 0x00000000c2600000|  0%| F|  |TAMS 0x00000000c2500000, 0x00000000c2500000| Untracked 
|  16|0x00000000c2600000, 0x00000000c2600000, 0x00000000c2700000|  0%| F|  |TAMS 0x00000000c2600000, 0x00000000c2600000| Untracked 
|  17|0x00000000c2700000, 0x00000000c2700000, 0x00000000c2800000|  0%| F|  |TAMS 0x00000000c2700000, 0x00000000c2700000| Untracked 
|  18|0x00000000c2800000, 0x00000000c2800000, 0x00000000c2900000|  0%| F|  |TAMS 0x00000000c2800000, 0x00000000c2800000| Untracked 
|  19|0x00000000c2900000, 0x00000000c2900000, 0x00000000c2a00000|  0%| F|  |TAMS 0x00000000c2900000, 0x00000000c2900000| Untracked 
|  20|0x00000000c2a00000, 0x00000000c2aae470, 0x00000000c2b00000| 68%| S|CS|TAMS 0x00000000c2a00000, 0x00000000c2a00000| Complete 
|  21|0x00000000c2b00000, 0x00000000c2c00000, 0x00000000c2c00000|100%| S|CS|TAMS 0x00000000c2b00000, 0x00000000c2b00000| Complete 
|  22|0x00000000c2c00000, 0x00000000c2c00000, 0x00000000c2d00000|  0%| F|  |TAMS 0x00000000c2c00000, 0x00000000c2c00000| Untracked 
|  23|0x00000000c2d00000, 0x00000000c2d00000, 0x00000000c2e00000|  0%| F|  |TAMS 0x00000000c2d00000, 0x00000000c2d00000| Untracked 
|  24|0x00000000c2e00000, 0x00000000c2e00000, 0x00000000c2f00000|  0%| F|  |TAMS 0x00000000c2e00000, 0x00000000c2e00000| Untracked 
|  25|0x00000000c2f00000, 0x00000000c2f00000, 0x00000000c3000000|  0%| F|  |TAMS 0x00000000c2f00000, 0x00000000c2f00000| Untracked 
|  26|0x00000000c3000000, 0x00000000c3000000, 0x00000000c3100000|  0%| F|  |TAMS 0x00000000c3000000, 0x00000000c3000000| Untracked 
|  27|0x00000000c3100000, 0x00000000c3100000, 0x00000000c3200000|  0%| F|  |TAMS 0x00000000c3100000, 0x00000000c3100000| Untracked 
|  28|0x00000000c3200000, 0x00000000c3200000, 0x00000000c3300000|  0%| F|  |TAMS 0x00000000c3200000, 0x00000000c3200000| Untracked 
|  29|0x00000000c3300000, 0x00000000c3300000, 0x00000000c3400000|  0%| F|  |TAMS 0x00000000c3300000, 0x00000000c3300000| Untracked 
|  30|0x00000000c3400000, 0x00000000c3400000, 0x00000000c3500000|  0%| F|  |TAMS 0x00000000c3400000, 0x00000000c3400000| Untracked 
|  31|0x00000000c3500000, 0x00000000c3500000, 0x00000000c3600000|  0%| F|  |TAMS 0x00000000c3500000, 0x00000000c3500000| Untracked 
|  32|0x00000000c3600000, 0x00000000c3600000, 0x00000000c3700000|  0%| F|  |TAMS 0x00000000c3600000, 0x00000000c3600000| Untracked 
|  33|0x00000000c3700000, 0x00000000c3700000, 0x00000000c3800000|  0%| F|  |TAMS 0x00000000c3700000, 0x00000000c3700000| Untracked 
|  34|0x00000000c3800000, 0x00000000c3800000, 0x00000000c3900000|  0%| F|  |TAMS 0x00000000c3800000, 0x00000000c3800000| Untracked 
|  35|0x00000000c3900000, 0x00000000c3900000, 0x00000000c3a00000|  0%| F|  |TAMS 0x00000000c3900000, 0x00000000c3900000| Untracked 
|  36|0x00000000c3a00000, 0x00000000c3a00000, 0x00000000c3b00000|  0%| F|  |TAMS 0x00000000c3a00000, 0x00000000c3a00000| Untracked 
|  37|0x00000000c3b00000, 0x00000000c3b00000, 0x00000000c3c00000|  0%| F|  |TAMS 0x00000000c3b00000, 0x00000000c3b00000| Untracked 
|  38|0x00000000c3c00000, 0x00000000c3c00000, 0x00000000c3d00000|  0%| F|  |TAMS 0x00000000c3c00000, 0x00000000c3c00000| Untracked 
|  39|0x00000000c3d00000, 0x00000000c3d00000, 0x00000000c3e00000|  0%| F|  |TAMS 0x00000000c3d00000, 0x00000000c3d00000| Untracked 
|  40|0x00000000c3e00000, 0x00000000c3e00000, 0x00000000c3f00000|  0%| F|  |TAMS 0x00000000c3e00000, 0x00000000c3e00000| Untracked 
|  41|0x00000000c3f00000, 0x00000000c3f00000, 0x00000000c4000000|  0%| F|  |TAMS 0x00000000c3f00000, 0x00000000c3f00000| Untracked 
|  42|0x00000000c4000000, 0x00000000c4000000, 0x00000000c4100000|  0%| F|  |TAMS 0x00000000c4000000, 0x00000000c4000000| Untracked 
|  43|0x00000000c4100000, 0x00000000c4100000, 0x00000000c4200000|  0%| F|  |TAMS 0x00000000c4100000, 0x00000000c4100000| Untracked 
|  44|0x00000000c4200000, 0x00000000c4200000, 0x00000000c4300000|  0%| F|  |TAMS 0x00000000c4200000, 0x00000000c4200000| Untracked 
|  45|0x00000000c4300000, 0x00000000c4300000, 0x00000000c4400000|  0%| F|  |TAMS 0x00000000c4300000, 0x00000000c4300000| Untracked 
|  46|0x00000000c4400000, 0x00000000c4400000, 0x00000000c4500000|  0%| F|  |TAMS 0x00000000c4400000, 0x00000000c4400000| Untracked 
|  47|0x00000000c4500000, 0x00000000c4500000, 0x00000000c4600000|  0%| F|  |TAMS 0x00000000c4500000, 0x00000000c4500000| Untracked 
|  48|0x00000000c4600000, 0x00000000c4600000, 0x00000000c4700000|  0%| F|  |TAMS 0x00000000c4600000, 0x00000000c4600000| Untracked 
|  49|0x00000000c4700000, 0x00000000c4700000, 0x00000000c4800000|  0%| F|  |TAMS 0x00000000c4700000, 0x00000000c4700000| Untracked 
|  50|0x00000000c4800000, 0x00000000c4800000, 0x00000000c4900000|  0%| F|  |TAMS 0x00000000c4800000, 0x00000000c4800000| Untracked 
|  51|0x00000000c4900000, 0x00000000c4900000, 0x00000000c4a00000|  0%| F|  |TAMS 0x00000000c4900000, 0x00000000c4900000| Untracked 
|  52|0x00000000c4a00000, 0x00000000c4a00000, 0x00000000c4b00000|  0%| F|  |TAMS 0x00000000c4a00000, 0x00000000c4a00000| Untracked 
|  53|0x00000000c4b00000, 0x00000000c4b00000, 0x00000000c4c00000|  0%| F|  |TAMS 0x00000000c4b00000, 0x00000000c4b00000| Untracked 
|  54|0x00000000c4c00000, 0x00000000c4c00000, 0x00000000c4d00000|  0%| F|  |TAMS 0x00000000c4c00000, 0x00000000c4c00000| Untracked 
|  55|0x00000000c4d00000, 0x00000000c4d00000, 0x00000000c4e00000|  0%| F|  |TAMS 0x00000000c4d00000, 0x00000000c4d00000| Untracked 
|  56|0x00000000c4e00000, 0x00000000c4e00000, 0x00000000c4f00000|  0%| F|  |TAMS 0x00000000c4e00000, 0x00000000c4e00000| Untracked 
|  63|0x00000000c5500000, 0x00000000c5500000, 0x00000000c5600000|  0%| F|  |TAMS 0x00000000c5500000, 0x00000000c5500000| Untracked 

Card table byte_map: [0x0000024878030000,0x0000024878230000] _byte_map_base: 0x0000024877a25000

Marking Bits (Prev, Next): (CMBitMap*) 0x00000248719a7020, (CMBitMap*) 0x00000248719a6fe0
 Prev Bits: [0x00000248793e0000, 0x000002487a388000)
 Next Bits: [0x0000024878430000, 0x00000248793d8000)

Polling page: 0x000002486f900000

Metaspace:

Usage:
  Non-class:     26.53 MB used.
      Class:      3.75 MB used.
       Both:     30.28 MB used.

Virtual space:
  Non-class space:       32.00 MB reserved,      26.69 MB ( 83%) committed,  4 nodes.
      Class space:        1.00 GB reserved,       3.88 MB ( <1%) committed,  1 nodes.
             Both:        1.03 GB reserved,      30.56 MB (  3%) committed. 

Chunk freelists:
   Non-Class:  720.00 KB
       Class:  3.94 MB
        Both:  4.64 MB

MaxMetaspaceSize: unlimited
CompressedClassSpaceSize: 1.00 GB
Initial GC threshold: 21.00 MB
Current GC threshold: 35.31 MB
CDS: off
MetaspaceReclaimPolicy: balanced
 - commit_granule_bytes: 65536.
 - commit_granule_words: 8192.
 - virtual_space_node_default_size: 1048576.
 - enlarge_chunks_in_place: 1.
 - new_chunks_are_fully_committed: 0.
 - uncommit_free_chunks: 1.
 - use_allocation_guard: 0.
 - handle_deallocations: 1.


Internal statistics:

num_allocs_failed_limit: 5.
num_arena_births: 322.
num_arena_deaths: 0.
num_vsnodes_births: 5.
num_vsnodes_deaths: 0.
num_space_committed: 489.
num_space_uncommitted: 0.
num_chunks_returned_to_freelist: 5.
num_chunks_taken_from_freelist: 1058.
num_chunk_merges: 5.
num_chunk_splits: 708.
num_chunks_enlarged: 518.
num_purges: 0.
num_inconsistent_stats: 0.

CodeCache: size=49152Kb used=6692Kb max_used=6692Kb free=42459Kb
 bounds [0x0000024875030000, 0x00000248756c0000, 0x0000024878030000]
 total_blobs=3358 nmethods=2870 adapters=412
 compilation: enabled
              stopped_count=0, restarted_count=0
 full_count=0

Compilation events (20 events):
Event: 4.225 Thread 0x000002487d518040 nmethod 2861 0x00000248756b4410 code [0x00000248756b45e0, 0x00000248756b4858]
Event: 4.225 Thread 0x0000024871a12fa0 nmethod 2860 0x00000248756b4a90 code [0x00000248756b4c60, 0x00000248756b4ea8]
Event: 4.225 Thread 0x0000024871a12fa0 2862       1       org.springframework.beans.factory.support.AbstractBeanFactory::isTypeMatch (8 bytes)
Event: 4.226 Thread 0x0000024871a12fa0 nmethod 2862 0x00000248756b5090 code [0x00000248756b5220, 0x00000248756b5308]
Event: 4.226 Thread 0x0000024871a12fa0 2863       1       org.springframework.util.Assert::notNull (17 bytes)
Event: 4.227 Thread 0x000002487d518040 2864       1       org.springframework.core.annotation.AnnotationAttributes::getRequiredAttribute (79 bytes)
Event: 4.227 Thread 0x000002487c8637d0 2865       1       org.springframework.core.annotation.AnnotationAttributes::assertAttributePresence (12 bytes)
Event: 4.227 Thread 0x0000024871a12fa0 nmethod 2863 0x00000248756b5390 code [0x00000248756b5540, 0x00000248756b56f8]
Event: 4.227 Thread 0x0000024871a12fa0 2866       1       org.springframework.core.annotation.AnnotationAttributes$$Lambda$327/0x00000001002c43b0::<init> (15 bytes)
Event: 4.227 Thread 0x0000024871a12fa0 nmethod 2866 0x00000248756b5810 code [0x00000248756b59a0, 0x00000248756b5af8]
Event: 4.227 Thread 0x0000024871a12fa0 2867       1       org.springframework.core.annotation.AnnotationAttributes::assertNotException (44 bytes)
Event: 4.227 Thread 0x000002487c8637d0 nmethod 2865 0x00000248756b5b90 code [0x00000248756b5d60, 0x00000248756b6068]
Event: 4.227 Thread 0x000002487c8637d0 2868       1       org.springframework.core.annotation.AnnotationAttributes::assertAttributeType (54 bytes)
Event: 4.228 Thread 0x0000024871a12fa0 nmethod 2867 0x00000248756b6210 code [0x00000248756b6420, 0x00000248756b6bb8]
Event: 4.228 Thread 0x0000024871a12fa0 2869       1       java.util.Collections$SetFromMap::isEmpty (10 bytes)
Event: 4.228 Thread 0x0000024871a12fa0 nmethod 2869 0x00000248756b6e90 code [0x00000248756b7020, 0x00000248756b7108]
Event: 4.228 Thread 0x000002487d518040 nmethod 2864 0x00000248756b7190 code [0x00000248756b7400, 0x00000248756b7ab8]
Event: 4.228 Thread 0x000002487c8637d0 nmethod 2868 0x00000248756b7f90 code [0x00000248756b8200, 0x00000248756b8bd8]
Event: 4.232 Thread 0x000002487c8637d0 2870       1       org.springframework.beans.BeanMetadataAttributeAccessor::setSource (6 bytes)
Event: 4.233 Thread 0x000002487c8637d0 nmethod 2870 0x00000248756b9090 code [0x00000248756b9220, 0x00000248756b9338]

GC Heap History (17 events):
Event: 1.286 GC heap before
{Heap before GC invocations=0 (full 0):
 garbage-first heap   total 65536K, used 13312K [0x00000000c1600000, 0x0000000100000000)
  region size 1024K, 13 young (13312K), 0 survivors (0K)
 Metaspace       used 13091K, committed 13248K, reserved 1064960K
  class space    used 1326K, committed 1408K, reserved 1048576K
}
Event: 1.296 GC heap after
{Heap after GC invocations=1 (full 0):
 garbage-first heap   total 65536K, used 6624K [0x00000000c1600000, 0x0000000100000000)
  region size 1024K, 2 young (2048K), 2 survivors (2048K)
 Metaspace       used 13091K, committed 13248K, reserved 1064960K
  class space    used 1326K, committed 1408K, reserved 1048576K
}
Event: 1.630 GC heap before
{Heap before GC invocations=1 (full 0):
 garbage-first heap   total 65536K, used 14816K [0x00000000c1600000, 0x0000000100000000)
  region size 1024K, 10 young (10240K), 2 survivors (2048K)
 Metaspace       used 15625K, committed 15872K, reserved 1064960K
  class space    used 1656K, committed 1728K, reserved 1048576K
}
Event: 1.638 GC heap after
{Heap after GC invocations=2 (full 0):
 garbage-first heap   total 65536K, used 7936K [0x00000000c1600000, 0x0000000100000000)
  region size 1024K, 2 young (2048K), 2 survivors (2048K)
 Metaspace       used 15625K, committed 15872K, reserved 1064960K
  class space    used 1656K, committed 1728K, reserved 1048576K
}
Event: 2.346 GC heap before
{Heap before GC invocations=2 (full 0):
 garbage-first heap   total 65536K, used 27392K [0x00000000c1600000, 0x0000000100000000)
  region size 1024K, 22 young (22528K), 2 survivors (2048K)
 Metaspace       used 19712K, committed 19968K, reserved 1073152K
  class space    used 2293K, committed 2432K, reserved 1048576K
}
Event: 2.350 GC heap after
{Heap after GC invocations=3 (full 0):
 garbage-first heap   total 65536K, used 9141K [0x00000000c1600000, 0x0000000100000000)
  region size 1024K, 3 young (3072K), 3 survivors (3072K)
 Metaspace       used 19712K, committed 19968K, reserved 1073152K
  class space    used 2293K, committed 2432K, reserved 1048576K
}
Event: 2.462 GC heap before
{Heap before GC invocations=3 (full 0):
 garbage-first heap   total 65536K, used 14261K [0x00000000c1600000, 0x0000000100000000)
  region size 1024K, 10 young (10240K), 3 survivors (3072K)
 Metaspace       used 21299K, committed 21504K, reserved 1073152K
  class space    used 2476K, committed 2560K, reserved 1048576K
}
Event: 2.466 GC heap after
{Heap after GC invocations=4 (full 0):
 garbage-first heap   total 65536K, used 9482K [0x00000000c1600000, 0x0000000100000000)
  region size 1024K, 3 young (3072K), 3 survivors (3072K)
 Metaspace       used 21299K, committed 21504K, reserved 1073152K
  class space    used 2476K, committed 2560K, reserved 1048576K
}
Event: 3.447 GC heap before
{Heap before GC invocations=5 (full 0):
 garbage-first heap   total 37888K, used 27914K [0x00000000c1600000, 0x0000000100000000)
  region size 1024K, 22 young (22528K), 3 survivors (3072K)
 Metaspace       used 24627K, committed 24896K, reserved 1073152K
  class space    used 3044K, committed 3136K, reserved 1048576K
}
Event: 3.454 GC heap after
{Heap after GC invocations=6 (full 0):
 garbage-first heap   total 37888K, used 10651K [0x00000000c1600000, 0x0000000100000000)
  region size 1024K, 4 young (4096K), 4 survivors (4096K)
 Metaspace       used 24627K, committed 24896K, reserved 1073152K
  class space    used 3044K, committed 3136K, reserved 1048576K
}
Event: 3.478 GC heap before
{Heap before GC invocations=6 (full 0):
 garbage-first heap   total 37888K, used 10651K [0x00000000c1600000, 0x0000000100000000)
  region size 1024K, 5 young (5120K), 4 survivors (4096K)
 Metaspace       used 24755K, committed 24960K, reserved 1073152K
  class space    used 3063K, committed 3136K, reserved 1048576K
}
Event: 3.486 GC heap after
{Heap after GC invocations=7 (full 0):
 garbage-first heap   total 37888K, used 10882K [0x00000000c1600000, 0x0000000100000000)
  region size 1024K, 1 young (1024K), 1 survivors (1024K)
 Metaspace       used 24755K, committed 24960K, reserved 1073152K
  class space    used 3063K, committed 3136K, reserved 1048576K
}
Event: 3.671 GC heap before
{Heap before GC invocations=7 (full 0):
 garbage-first heap   total 37888K, used 24194K [0x00000000c1600000, 0x0000000100000000)
  region size 1024K, 15 young (15360K), 1 survivors (1024K)
 Metaspace       used 27691K, committed 27968K, reserved 1081344K
  class space    used 3354K, committed 3520K, reserved 1048576K
}
Event: 3.673 GC heap after
{Heap after GC invocations=8 (full 0):
 garbage-first heap   total 37888K, used 11374K [0x00000000c1600000, 0x0000000100000000)
  region size 1024K, 2 young (2048K), 2 survivors (2048K)
 Metaspace       used 27691K, committed 27968K, reserved 1081344K
  class space    used 3354K, committed 3520K, reserved 1048576K
}
Event: 3.905 GC heap before
{Heap before GC invocations=8 (full 0):
 garbage-first heap   total 37888K, used 25710K [0x00000000c1600000, 0x0000000100000000)
  region size 1024K, 16 young (16384K), 2 survivors (2048K)
 Metaspace       used 29881K, committed 30208K, reserved 1081344K
  class space    used 3674K, committed 3840K, reserved 1048576K
}
Event: 3.908 GC heap after
{Heap after GC invocations=9 (full 0):
 garbage-first heap   total 37888K, used 12076K [0x00000000c1600000, 0x0000000100000000)
  region size 1024K, 2 young (2048K), 2 survivors (2048K)
 Metaspace       used 29881K, committed 30208K, reserved 1081344K
  class space    used 3674K, committed 3840K, reserved 1048576K
}
Event: 4.245 GC heap before
{Heap before GC invocations=9 (full 0):
 garbage-first heap   total 37888K, used 25388K [0x00000000c1600000, 0x0000000100000000)
  region size 1024K, 16 young (16384K), 2 survivors (2048K)
 Metaspace       used 31011K, committed 31296K, reserved 1081344K
  class space    used 3841K, committed 3968K, reserved 1048576K
}

Deoptimization events (6 events):
Event: 1.493 Thread 0x0000024871976f10 DEOPT PACKING pc=0x00000248752edc75 sp=0x000000575befdbb0
Event: 1.493 Thread 0x0000024871976f10 DEOPT UNPACKING pc=0x0000024875082b43 sp=0x000000575befd008 mode 3
Event: 2.439 Thread 0x000002487df67880 DEOPT PACKING pc=0x0000024875537f85 sp=0x000000575e1fae10
Event: 2.439 Thread 0x000002487df67880 DEOPT UNPACKING pc=0x0000024875082b43 sp=0x000000575e1fa370 mode 3
Event: 2.539 Thread 0x000002487df66540 DEOPT PACKING pc=0x0000024875553799 sp=0x000000575e0fc920
Event: 2.539 Thread 0x000002487df66540 DEOPT UNPACKING pc=0x0000024875082b43 sp=0x000000575e0fbe00 mode 3

Classes unloaded (0 events):
No events

Classes redefined (0 events):
No events

Internal exceptions (20 events):
Event: 2.715 Thread 0x000002487df66540 Exception <a 'java/lang/ClassNotFoundException'{0x00000000c2c421f8}: org/springframework/context/ResourceLoaderAwareCustomizer> (0x00000000c2c421f8) 
thrown [e:\jenkins\tmp\workspace\build\src\src\hotspot\share\classfile\systemDictionary.cpp, line 256]
Event: 2.718 Thread 0x000002487df66540 Exception <a 'java/lang/ClassNotFoundException'{0x00000000c2c48c48}: org/springframework/beans/factory/AwareCustomizer> (0x00000000c2c48c48) 
thrown [e:\jenkins\tmp\workspace\build\src\src\hotspot\share\classfile\systemDictionary.cpp, line 256]
Event: 2.746 Thread 0x000002487df66540 Exception <a 'java/lang/ClassNotFoundException'{0x00000000c2c4e760}: org/springframework/context/ApplicationStartupAwareCustomizer> (0x00000000c2c4e760) 
thrown [e:\jenkins\tmp\workspace\build\src\src\hotspot\share\classfile\systemDictionary.cpp, line 256]
Event: 2.748 Thread 0x000002487df66540 Exception <a 'java/lang/ClassNotFoundException'{0x00000000c2c55438}: org/springframework/beans/factory/AwareCustomizer> (0x00000000c2c55438) 
thrown [e:\jenkins\tmp\workspace\build\src\src\hotspot\share\classfile\systemDictionary.cpp, line 256]
Event: 2.749 Thread 0x000002487df66540 Exception <a 'java/lang/ClassNotFoundException'{0x00000000c2c5b018}: org/springframework/beans/factory/BeanClassLoaderAwareCustomizer> (0x00000000c2c5b018) 
thrown [e:\jenkins\tmp\workspace\build\src\src\hotspot\share\classfile\systemDictionary.cpp, line 256]
Event: 2.761 Thread 0x000002487df66540 Exception <a 'java/lang/ClassNotFoundException'{0x00000000c2c61a50}: org/springframework/beans/factory/AwareCustomizer> (0x00000000c2c61a50) 
thrown [e:\jenkins\tmp\workspace\build\src\src\hotspot\share\classfile\systemDictionary.cpp, line 256]
Event: 2.791 Thread 0x000002487df66540 Exception <a 'java/lang/ClassNotFoundException'{0x00000000c2c67248}: org/springframework/context/EnvironmentAwareCustomizer> (0x00000000c2c67248) 
thrown [e:\jenkins\tmp\workspace\build\src\src\hotspot\share\classfile\systemDictionary.cpp, line 256]
Event: 2.799 Thread 0x000002487df66540 Exception <a 'java/lang/ClassNotFoundException'{0x00000000c2c6dc18}: org/springframework/beans/factory/AwareCustomizer> (0x00000000c2c6dc18) 
thrown [e:\jenkins\tmp\workspace\build\src\src\hotspot\share\classfile\systemDictionary.cpp, line 256]
Event: 3.212 Thread 0x000002487df15ca0 Exception <a 'java/lang/reflect/InvocationTargetException'{0x00000000c2e15998}> (0x00000000c2e15998) 
thrown [e:\jenkins\tmp\workspace\build\src\src\hotspot\share\runtime\reflection.cpp, line 1121]
Event: 3.526 Thread 0x000002487df67880 Exception <a 'java/lang/NoSuchMethodError'{0x00000000c4c58a28}: 'java.lang.Object java.lang.invoke.DirectMethodHandle$Holder.invokeStaticInit(java.lang.Object, java.lang.Object, java.lang.Object)'> (0x00000000c4c58a28) 
thrown [e:\jenkins\tmp\workspace\build\src\src\hotspot\share\interpreter\linkResolver.cpp, line 766]
Event: 3.527 Thread 0x000002487df67880 Exception <a 'java/lang/NoSuchMethodError'{0x00000000c4c7de18}: 'java.lang.Object java.lang.invoke.DirectMethodHandle$Holder.invokeStaticInit(java.lang.Object, java.lang.Object, java.lang.Object, java.lang.Object, java.lang.Object)'> (0x00000000c4c7de18) 
thrown [e:\jenkins\tmp\workspace\build\src\src\hotspot\share\interpreter\linkResolver.cpp, line 766]
Event: 3.660 Thread 0x000002487df66540 Exception <a 'java/lang/IncompatibleClassChangeError'{0x00000000c2dfedc0}: Found class java.lang.Object, but interface was expected> (0x00000000c2dfedc0) 
thrown [e:\jenkins\tmp\workspace\build\src\src\hotspot\share\interpreter\linkResolver.cpp, line 833]
Event: 3.717 Thread 0x000002487df15ca0 Exception <a 'java/lang/reflect/InvocationTargetException'{0x00000000c4ef0668}> (0x00000000c4ef0668) 
thrown [e:\jenkins\tmp\workspace\build\src\src\hotspot\share\runtime\reflection.cpp, line 1121]
Event: 3.882 Thread 0x000002487df67880 Exception <a 'java/lang/NoSuchMethodError'{0x00000000c2e515f8}: 'long java.lang.invoke.DirectMethodHandle$Holder.invokeSpecial(java.lang.Object, java.lang.Object)'> (0x00000000c2e515f8) 
thrown [e:\jenkins\tmp\workspace\build\src\src\hotspot\share\interpreter\linkResolver.cpp, line 766]
Event: 3.885 Thread 0x000002487df67880 Exception <a 'java/lang/NoSuchMethodError'{0x00000000c2ea99b0}: 'long java.lang.invoke.DirectMethodHandle$Holder.invokeStatic(java.lang.Object, java.lang.Object)'> (0x00000000c2ea99b0) 
thrown [e:\jenkins\tmp\workspace\build\src\src\hotspot\share\interpreter\linkResolver.cpp, line 766]
Event: 3.885 Thread 0x000002487df67880 Exception <a 'java/lang/NoSuchMethodError'{0x00000000c2eacfb0}: 'long java.lang.invoke.DirectMethodHandle$Holder.invokeStaticInit(java.lang.Object, java.lang.Object)'> (0x00000000c2eacfb0) 
thrown [e:\jenkins\tmp\workspace\build\src\src\hotspot\share\interpreter\linkResolver.cpp, line 766]
Event: 3.888 Thread 0x000002487df67880 Exception <a 'java/lang/NoSuchMethodError'{0x00000000c2ebab58}: 'long java.lang.invoke.DirectMethodHandle$Holder.invokeInterface(java.lang.Object, java.lang.Object)'> (0x00000000c2ebab58) 
thrown [e:\jenkins\tmp\workspace\build\src\src\hotspot\share\interpreter\linkResolver.cpp, line 766]
Event: 3.888 Thread 0x000002487df67880 Exception <a 'java/lang/IncompatibleClassChangeError'{0x00000000c2ef97e0}: Found class java.lang.Object, but interface was expected> (0x00000000c2ef97e0) 
thrown [e:\jenkins\tmp\workspace\build\src\src\hotspot\share\interpreter\linkResolver.cpp, line 833]
Event: 3.903 Thread 0x000002487df67880 Exception <a 'java/lang/NoSuchMethodError'{0x00000000c2dcead8}: 'java.lang.Object java.lang.invoke.DirectMethodHandle$Holder.invokeVirtual(java.lang.Object, java.lang.Object, java.lang.Object, java.lang.Object)'> (0x00000000c2dcead8) 
thrown [e:\jenkins\tmp\workspace\build\src\src\hotspot\share\interpreter\linkResolver.cpp, line 766]
Event: 4.221 Thread 0x000002487df15ca0 Exception <a 'java/lang/reflect/InvocationTargetException'{0x00000000c2eb9558}> (0x00000000c2eb9558) 
thrown [e:\jenkins\tmp\workspace\build\src\src\hotspot\share\runtime\reflection.cpp, line 1121]

VM Operations (20 events):
Event: 2.487 Executing VM operation: G1Concurrent done
Event: 2.555 Executing VM operation: HandshakeAllThreads
Event: 2.555 Executing VM operation: HandshakeAllThreads done
Event: 2.573 Executing VM operation: HandshakeAllThreads
Event: 2.573 Executing VM operation: HandshakeAllThreads done
Event: 2.637 Executing VM operation: HandshakeAllThreads
Event: 2.637 Executing VM operation: HandshakeAllThreads done
Event: 2.892 Executing VM operation: HandshakeAllThreads
Event: 2.892 Executing VM operation: HandshakeAllThreads done
Event: 3.447 Executing VM operation: G1CollectForAllocation
Event: 3.454 Executing VM operation: G1CollectForAllocation done
Event: 3.478 Executing VM operation: G1CollectForAllocation
Event: 3.486 Executing VM operation: G1CollectForAllocation done
Event: 3.671 Executing VM operation: G1CollectForAllocation
Event: 3.673 Executing VM operation: G1CollectForAllocation done
Event: 3.905 Executing VM operation: G1CollectForAllocation
Event: 3.908 Executing VM operation: G1CollectForAllocation done
Event: 4.133 Executing VM operation: HandshakeAllThreads
Event: 4.133 Executing VM operation: HandshakeAllThreads done
Event: 4.245 Executing VM operation: G1CollectForAllocation

Events (20 events):
Event: 3.627 loading class java/beans/ConstructorProperties
Event: 3.627 loading class java/beans/ConstructorProperties done
Event: 3.635 Thread 0x000002487df66070 Thread exited: 0x000002487df66070
Event: 3.644 loading class sun/text/resources/cldr/FormatData_en_US
Event: 3.644 loading class sun/text/resources/cldr/FormatData_en_US done
Event: 3.659 loading class java/io/CharArrayReader
Event: 3.659 loading class java/io/CharArrayReader done
Event: 3.660 loading class java/util/HashMap$KeySpliterator
Event: 3.660 loading class java/util/HashMap$KeySpliterator done
Event: 3.677 loading class java/util/concurrent/atomic/AtomicReference
Event: 3.678 loading class java/util/concurrent/atomic/AtomicReference done
Event: 3.868 loading class java/util/regex/Pattern$Pos
Event: 3.868 loading class java/util/regex/Pattern$Pos done
Event: 3.879 loading class java/time/ZoneOffset
Event: 3.879 loading class java/time/ZoneOffset done
Event: 3.882 loading class java/util/function/ToLongFunction
Event: 3.882 loading class java/util/function/ToLongFunction done
Event: 3.910 loading class java/util/IdentityHashMap$KeyIterator
Event: 3.910 loading class java/util/IdentityHashMap$KeyIterator done
Event: 3.910 Thread 0x000002487df67880 Thread exited: 0x000002487df67880


Dynamic libraries:
0x00007ff75bf60000 - 0x00007ff75bf6e000 	C:\Users\abc\Downloads\sts-4.14.1.RELEASE\plugins\org.eclipse.justj.openjdk.hotspot.jre.full.win32.x86_64_17.0.2.v20220201-1208\jre\bin\javaw.exe
0x00007ffe29950000 - 0x00007ffe29b48000 	C:\WINDOWS\SYSTEM32\ntdll.dll
0x00007ffe27ac0000 - 0x00007ffe27b7d000 	C:\WINDOWS\System32\KERNEL32.DLL
0x00007ffe272b0000 - 0x00007ffe2757e000 	C:\WINDOWS\System32\KERNELBASE.dll
0x00007ffe27770000 - 0x00007ffe27870000 	C:\WINDOWS\System32\ucrtbase.dll
0x00007ffe1b820000 - 0x00007ffe1b838000 	C:\Users\abc\Downloads\sts-4.14.1.RELEASE\plugins\org.eclipse.justj.openjdk.hotspot.jre.full.win32.x86_64_17.0.2.v20220201-1208\jre\bin\jli.dll
0x00007ffe28680000 - 0x00007ffe28820000 	C:\WINDOWS\System32\USER32.dll
0x00007ffe27170000 - 0x00007ffe27192000 	C:\WINDOWS\System32\win32u.dll
0x00007ffe27b80000 - 0x00007ffe27baa000 	C:\WINDOWS\System32\GDI32.dll
0x00007ffe278a0000 - 0x00007ffe279ab000 	C:\WINDOWS\System32\gdi32full.dll
0x00007ffe27210000 - 0x00007ffe272ad000 	C:\WINDOWS\System32\msvcp_win.dll
0x00007ffe14810000 - 0x00007ffe14829000 	C:\Users\abc\Downloads\sts-4.14.1.RELEASE\plugins\org.eclipse.justj.openjdk.hotspot.jre.full.win32.x86_64_17.0.2.v20220201-1208\jre\bin\VCRUNTIME140.dll
0x00007ffe17760000 - 0x00007ffe179fa000 	C:\WINDOWS\WinSxS\amd64_microsoft.windows.common-controls_6595b64144ccf1df_6.0.19041.1110_none_60b5254171f9507e\COMCTL32.dll
0x00007ffe285e0000 - 0x00007ffe2867e000 	C:\WINDOWS\System32\msvcrt.dll
0x00007ffe298e0000 - 0x00007ffe29910000 	C:\WINDOWS\System32\IMM32.DLL
0x00007ffe1c7c0000 - 0x00007ffe1c7cc000 	C:\Users\abc\Downloads\sts-4.14.1.RELEASE\plugins\org.eclipse.justj.openjdk.hotspot.jre.full.win32.x86_64_17.0.2.v20220201-1208\jre\bin\vcruntime140_1.dll
0x00007ffe04df0000 - 0x00007ffe04e81000 	C:\Users\abc\Downloads\sts-4.14.1.RELEASE\plugins\org.eclipse.justj.openjdk.hotspot.jre.full.win32.x86_64_17.0.2.v20220201-1208\jre\bin\msvcp140.dll
0x00007ffdd71e0000 - 0x00007ffdd7e27000 	C:\Users\abc\Downloads\sts-4.14.1.RELEASE\plugins\org.eclipse.justj.openjdk.hotspot.jre.full.win32.x86_64_17.0.2.v20220201-1208\jre\bin\server\jvm.dll
0x00007ffe27bb0000 - 0x00007ffe27c5e000 	C:\WINDOWS\System32\ADVAPI32.dll
0x00007ffe27a20000 - 0x00007ffe27abc000 	C:\WINDOWS\System32\sechost.dll
0x00007ffe28820000 - 0x00007ffe28945000 	C:\WINDOWS\System32\RPCRT4.dll
0x00007ffe27a10000 - 0x00007ffe27a18000 	C:\WINDOWS\System32\PSAPI.DLL
0x00007ffe20550000 - 0x00007ffe20559000 	C:\WINDOWS\SYSTEM32\WSOCK32.dll
0x00007ffe29760000 - 0x00007ffe297cb000 	C:\WINDOWS\System32\WS2_32.dll
0x00007ffe15a00000 - 0x00007ffe15a27000 	C:\WINDOWS\SYSTEM32\WINMM.dll
0x00007ffe15b70000 - 0x00007ffe15b7a000 	C:\WINDOWS\SYSTEM32\VERSION.dll
0x00007ffe24f70000 - 0x00007ffe24f82000 	C:\WINDOWS\SYSTEM32\kernel.appcore.dll
0x00007ffe20220000 - 0x00007ffe2022a000 	C:\Users\abc\Downloads\sts-4.14.1.RELEASE\plugins\org.eclipse.justj.openjdk.hotspot.jre.full.win32.x86_64_17.0.2.v20220201-1208\jre\bin\jimage.dll
0x00007ffe15070000 - 0x00007ffe15254000 	C:\WINDOWS\SYSTEM32\DBGHELP.DLL
0x00007ffe14fa0000 - 0x00007ffe14fcc000 	C:\WINDOWS\SYSTEM32\dbgcore.DLL
0x00007ffe27580000 - 0x00007ffe27602000 	C:\WINDOWS\System32\bcryptPrimitives.dll
0x00007ffe19960000 - 0x00007ffe19985000 	C:\Users\abc\Downloads\sts-4.14.1.RELEASE\plugins\org.eclipse.justj.openjdk.hotspot.jre.full.win32.x86_64_17.0.2.v20220201-1208\jre\bin\java.dll
0x00007ffe1b7a0000 - 0x00007ffe1b7b8000 	C:\Users\abc\Downloads\sts-4.14.1.RELEASE\plugins\org.eclipse.justj.openjdk.hotspot.jre.full.win32.x86_64_17.0.2.v20220201-1208\jre\bin\zip.dll
0x00007ffe28950000 - 0x00007ffe29094000 	C:\WINDOWS\System32\SHELL32.dll
0x00007ffe25170000 - 0x00007ffe25904000 	C:\WINDOWS\SYSTEM32\windows.storage.dll
0x00007ffe29120000 - 0x00007ffe29474000 	C:\WINDOWS\System32\combase.dll
0x00007ffe26ad0000 - 0x00007ffe26b00000 	C:\WINDOWS\SYSTEM32\Wldp.dll
0x00007ffe27c60000 - 0x00007ffe27d0d000 	C:\WINDOWS\System32\SHCORE.dll
0x00007ffe279b0000 - 0x00007ffe27a05000 	C:\WINDOWS\System32\shlwapi.dll
0x00007ffe26fb0000 - 0x00007ffe26fcf000 	C:\WINDOWS\SYSTEM32\profapi.dll
0x00007ffe18450000 - 0x00007ffe18469000 	C:\Users\abc\Downloads\sts-4.14.1.RELEASE\plugins\org.eclipse.justj.openjdk.hotspot.jre.full.win32.x86_64_17.0.2.v20220201-1208\jre\bin\net.dll
0x00007ffe21360000 - 0x00007ffe2146a000 	C:\WINDOWS\SYSTEM32\WINHTTP.dll
0x00007ffe26830000 - 0x00007ffe2689a000 	C:\WINDOWS\system32\mswsock.dll
0x00007ffe16730000 - 0x00007ffe16745000 	C:\Users\abc\Downloads\sts-4.14.1.RELEASE\plugins\org.eclipse.justj.openjdk.hotspot.jre.full.win32.x86_64_17.0.2.v20220201-1208\jre\bin\nio.dll
0x00007ffe1c4f0000 - 0x00007ffe1c4f9000 	C:\Users\abc\Downloads\sts-4.14.1.RELEASE\plugins\org.eclipse.justj.openjdk.hotspot.jre.full.win32.x86_64_17.0.2.v20220201-1208\jre\bin\management.dll
0x00007ffe1bef0000 - 0x00007ffe1befb000 	C:\Users\abc\Downloads\sts-4.14.1.RELEASE\plugins\org.eclipse.justj.openjdk.hotspot.jre.full.win32.x86_64_17.0.2.v20220201-1208\jre\bin\management_ext.dll
0x00007ffe125d0000 - 0x00007ffe125e7000 	C:\WINDOWS\system32\napinsp.dll
0x00007ffe125b0000 - 0x00007ffe125cb000 	C:\WINDOWS\system32\pnrpnsp.dll
0x00007ffe12590000 - 0x00007ffe125a5000 	C:\WINDOWS\system32\wshbth.dll
0x00007ffe22d10000 - 0x00007ffe22d2d000 	C:\WINDOWS\system32\NLAapi.dll
0x00007ffe264d0000 - 0x00007ffe2650b000 	C:\WINDOWS\SYSTEM32\IPHLPAPI.DLL
0x00007ffe26520000 - 0x00007ffe265eb000 	C:\WINDOWS\SYSTEM32\DNSAPI.dll
0x00007ffe28260000 - 0x00007ffe28268000 	C:\WINDOWS\System32\NSI.dll
0x00007ffe12570000 - 0x00007ffe12582000 	C:\WINDOWS\System32\winrnr.dll
0x00007ffe18490000 - 0x00007ffe1849a000 	C:\Windows\System32\rasadhlp.dll
0x00007ffe19830000 - 0x00007ffe198b0000 	C:\WINDOWS\System32\fwpuclnt.dll
0x00007ffe27870000 - 0x00007ffe27897000 	C:\WINDOWS\System32\bcrypt.dll
0x00007ffe26a30000 - 0x00007ffe26a48000 	C:\WINDOWS\SYSTEM32\CRYPTSP.dll
0x00007ffe26140000 - 0x00007ffe26174000 	C:\WINDOWS\system32\rsaenh.dll
0x00007ffe26f30000 - 0x00007ffe26f5e000 	C:\WINDOWS\SYSTEM32\USERENV.dll
0x00007ffe26a20000 - 0x00007ffe26a2c000 	C:\WINDOWS\SYSTEM32\CRYPTBASE.dll
0x00007ffe1e390000 - 0x00007ffe1e3a7000 	C:\WINDOWS\SYSTEM32\dhcpcsvc6.DLL
0x00007ffe20e40000 - 0x00007ffe20e5d000 	C:\WINDOWS\SYSTEM32\dhcpcsvc.DLL
0x00007ffe1d890000 - 0x00007ffe1d8a0000 	C:\Users\abc\Downloads\sts-4.14.1.RELEASE\plugins\org.eclipse.justj.openjdk.hotspot.jre.full.win32.x86_64_17.0.2.v20220201-1208\jre\bin\verify.dll

dbghelp: loaded successfully - version: 4.0.5 - missing functions: none
symbol engine: initialized successfully - sym options: 0x614 - pdb path: .;C:\Users\abc\Downloads\sts-4.14.1.RELEASE\plugins\org.eclipse.justj.openjdk.hotspot.jre.full.win32.x86_64_17.0.2.v20220201-1208\jre\bin;C:\WINDOWS\SYSTEM32;C:\WINDOWS\WinSxS\amd64_microsoft.windows.common-controls_6595b64144ccf1df_6.0.19041.1110_none_60b5254171f9507e;C:\Users\abc\Downloads\sts-4.14.1.RELEASE\plugins\org.eclipse.justj.openjdk.hotspot.jre.full.win32.x86_64_17.0.2.v20220201-1208\jre\bin\server

VM Arguments:
jvm_args: -Dcom.sun.management.jmxremote -Dcom.sun.management.jmxremote.port=61327 -Dcom.sun.management.jmxremote.authenticate=false -Dcom.sun.management.jmxremote.ssl=false -Djava.rmi.server.hostname=localhost -Dspring.jmx.enabled=true -Dspring.application.admin.enabled=true -XX:TieredStopAtLevel=1 -Dspring.boot.project.name=OnlineShoppingApp -Dfile.encoding=UTF-8 -XX:+ShowCodeDetailsInExceptionMessages 
java_command: com.masai.OnlineShoppingAppApplication --spring.output.ansi.enabled=always
java_class_path (initial): C:\Users\abc\Desktop\New folder\Online-Shopping-App-\OnlineShoppingApp\target\classes;C:\Users\abc\.m2\repository\org\springframework\boot\spring-boot-starter-data-jpa\2.7.2\spring-boot-starter-data-jpa-2.7.2.jar;C:\Users\abc\.m2\repository\org\springframework\boot\spring-boot-starter-aop\2.7.2\spring-boot-starter-aop-2.7.2.jar;C:\Users\abc\.m2\repository\org\springframework\spring-aop\5.3.22\spring-aop-5.3.22.jar;C:\Users\abc\.m2\repository\org\aspectj\aspectjweaver\1.9.7\aspectjweaver-1.9.7.jar;C:\Users\abc\.m2\repository\org\springframework\boot\spring-boot-starter-jdbc\2.7.2\spring-boot-starter-jdbc-2.7.2.jar;C:\Users\abc\.m2\repository\com\zaxxer\HikariCP\4.0.3\HikariCP-4.0.3.jar;C:\Users\abc\.m2\repository\org\springframework\spring-jdbc\5.3.22\spring-jdbc-5.3.22.jar;C:\Users\abc\.m2\repository\jakarta\transaction\jakarta.transaction-api\1.3.3\jakarta.transaction-api-1.3.3.jar;C:\Users\abc\.m2\repository\jakarta\persistence\jakarta.persistence-api\2.2.3\jakarta.persistence-api-2.2.3.jar;C:\Users\abc\.m2\repository\org\hibernate\hibernate-core\5.6.10.Final\hibernate-core-5.6.10.Final.jar;C:\Users\abc\.m2\repository\org\jboss\logging\jboss-logging\3.4.3.Final\jboss-logging-3.4.3.Final.jar;C:\Users\abc\.m2\repository\net\bytebuddy\byte-buddy\1.12.12\byte-buddy-1.12.12.jar;C:\Users\abc\.m2\repository\antlr\antlr\2.7.7\antlr-2.7.7.jar;C:\Users\abc\.m2\repository\org\jboss\jandex\2.4.2.Final\jandex-2.4.2.Final.jar;C:\Users\abc\.m2\repository\com\fasterxml\classmate\1.5.1\classmate-1.5.1.jar;C:\Users\abc\.m2\repository\org\hibernate\common\hibernate-commons-annotations\5.1.2.Final\hibernate-commons-annotations-5.1.2.Final.jar;C:\Users\abc\.m2\repository\org\glassfish\jaxb\jaxb-runtime\2.3.6\jaxb-runtime-2.3.6.jar;C:\Users\abc\.m2\repository\org\glassfish\jaxb\txw2\2.3.6\txw2-2.3.6.jar;C:\Users\abc\.m2\repository\com\sun\istack\istack-commons-runtime\3.0.12\istack-commons-runtime-3.0.12.jar;C:\Users\abc\.m2\repository\com\sun\activation\ja
Launcher Type: SUN_STANDARD

[Global flags]
     intx CICompilerCount                          = 3                                         {product} {ergonomic}
     uint ConcGCThreads                            = 1                                         {product} {ergonomic}
     uint G1ConcRefinementThreads                  = 4                                         {product} {ergonomic}
   size_t G1HeapRegionSize                         = 1048576                                   {product} {ergonomic}
    uintx GCDrainStackTargetSize                   = 64                                        {product} {ergonomic}
   size_t InitialHeapSize                          = 67108864                                  {product} {ergonomic}
     bool ManagementServer                         = true                                      {product} {command line}
   size_t MarkStackSize                            = 4194304                                   {product} {ergonomic}
   size_t MaxHeapSize                              = 1050673152                                {product} {ergonomic}
   size_t MaxNewSize                               = 630194176                                 {product} {ergonomic}
   size_t MinHeapDeltaBytes                        = 1048576                                   {product} {ergonomic}
   size_t MinHeapSize                              = 8388608                                   {product} {ergonomic}
    uintx NonProfiledCodeHeapSize                  = 0                                      {pd product} {ergonomic}
     bool ProfileInterpreter                       = false                                  {pd product} {command line}
    uintx ProfiledCodeHeapSize                     = 0                                      {pd product} {ergonomic}
     bool ShowCodeDetailsInExceptionMessages       = true                                   {manageable} {command line}
   size_t SoftMaxHeapSize                          = 1050673152                             {manageable} {ergonomic}
     intx TieredStopAtLevel                        = 1                                         {product} {command line}
     bool UseCompressedClassPointers               = true                           {product lp64_product} {ergonomic}
     bool UseCompressedOops                        = true                           {product lp64_product} {ergonomic}
     bool UseG1GC                                  = true                                      {product} {ergonomic}
     bool UseLargePagesIndividualAllocation        = false                                  {pd product} {ergonomic}

Logging:
Log output configuration:
 #0: stdout all=warning uptime,level,tags
 #1: stderr all=off uptime,level,tags

Environment Variables:
PATH=C:/Users/abc/Downloads/sts-4.14.1.RELEASE//plugins/org.eclipse.justj.openjdk.hotspot.jre.full.win32.x86_64_17.0.2.v20220201-1208/jre/bin/server;C:/Users/abc/Downloads/sts-4.14.1.RELEASE//plugins/org.eclipse.justj.openjdk.hotspot.jre.full.win32.x86_64_17.0.2.v20220201-1208/jre/bin;C:\Program Files\Java\jdk1.8.0_333\bin;C:\Program Files\Common Files\Oracle\Java\javapath;C:\Program Files (x86)\Common Files\Oracle\Java\javapath;C:\WINDOWS\system32;C:\WINDOWS;C:\WINDOWS\System32\Wbem;C:\WINDOWS\System32\WindowsPowerShell\v1.0\;C:\WINDOWS\System32\OpenSSH\;C:\Program Files\Git\cmd;C:\Program Files\nodejs\;C:\Users\abc\AppData\Local\Programs\Python\Python310\Scripts\;C:\Users\abc\AppData\Local\Programs\Python\Python310\;C:\Users\abc\AppData\Local\Microsoft\WindowsApps;;C:\Users\abc\AppData\Local\Programs\Microsoft VS Code\bin;C:\Users\abc\AppData\Roaming\npm;C:\Users\abc\Downloads\sts-4.14.1.RELEASE;
USERNAME=abc
OS=Windows_NT
PROCESSOR_IDENTIFIER=Intel64 Family 6 Model 42 Stepping 7, GenuineIntel



---------------  S Y S T E M  ---------------

OS:
 Windows 10 , 64 bit Build 19041 (10.0.19041.1806)
OS uptime: 7 days 10:16 hours

CPU: total 4 (initial active 4) (2 cores per cpu, 2 threads per core) family 6 model 42 stepping 7 microcode 0x2f, cx8, cmov, fxsr, ht, mmx, sse, sse2, sse3, ssse3, sse4.1, sse4.2, popcnt, tsc, tscinvbit, avx, aes, clmul, vzeroupper, clflush

Memory: 4k page, system-wide physical 4006M (449M free)
TotalPageFile size 10122M (AvailPageFile size 9M)
current process WorkingSet (physical memory assigned to process): 118M, peak: 118M
current process commit charge ("private bytes"): 165M, peak: 171M

vm_info: OpenJDK 64-Bit Server VM (17.0.2+8) for windows-amd64 JRE (17.0.2+8), built on Jan 20 2022 04:52:34 by "" with MS VC++ 16.7 (VS2019)

END.
